mode: set
sproxy/ratelimiter/cacheTracker.go:16.102,17.46 1 1
sproxy/ratelimiter/cacheTracker.go:17.46,19.3 1 1
sproxy/ratelimiter/cacheTracker.go:21.2,22.16 2 1
sproxy/ratelimiter/cacheTracker.go:22.16,24.3 1 0
sproxy/ratelimiter/cacheTracker.go:26.2,27.29 2 1
sproxy/ratelimiter/cacheTracker.go:27.29,29.3 1 1
sproxy/ratelimiter/cacheTracker.go:31.2,32.18 2 1
sproxy/ratelimiter/cacheTracker.go:35.85,39.2 1 1
sproxy/ratelimiter/cacheTracker.go:41.71,43.2 1 1
sproxy/ratelimiter/cacheTracker.go:45.98,47.24 1 1
sproxy/ratelimiter/cacheTracker.go:47.24,49.3 1 1
sproxy/ratelimiter/cacheTracker.go:51.2,52.16 2 1
sproxy/ratelimiter/cacheTracker.go:52.16,54.3 1 0
sproxy/ratelimiter/cacheTracker.go:56.2,57.16 2 1
sproxy/ratelimiter/cacheTracker.go:57.16,59.3 1 0
sproxy/ratelimiter/cacheTracker.go:61.2,62.28 2 1
sproxy/ratelimiter/cacheTracker.go:62.28,64.3 1 0
sproxy/ratelimiter/cacheTracker.go:66.2,71.8 1 1
sproxy/ratelimiter/inMemoryTracker.go:9.106,10.48 1 1
sproxy/ratelimiter/inMemoryTracker.go:10.48,12.3 1 1
sproxy/ratelimiter/inMemoryTracker.go:14.2,20.18 5 1
sproxy/ratelimiter/inMemoryTracker.go:23.89,26.2 1 1
sproxy/ratelimiter/inMemoryTracker.go:28.75,31.2 1 1
sproxy/ratelimiter/inMemoryTracker.go:33.51,40.2 1 1
sproxy/ratelimiter/mocks/Cache.go:13.53,17.51 3 1
sproxy/ratelimiter/mocks/Cache.go:17.51,19.3 1 1
sproxy/ratelimiter/mocks/Cache.go:19.8,21.3 1 0
sproxy/ratelimiter/mocks/Cache.go:23.2,23.11 1 1
sproxy/ratelimiter/mocks/Cache.go:27.52,32.54 4 1
sproxy/ratelimiter/mocks/Cache.go:32.54,34.3 1 1
sproxy/ratelimiter/mocks/Cache.go:35.2,35.45 1 0
sproxy/ratelimiter/mocks/Cache.go:35.45,37.3 1 0
sproxy/ratelimiter/mocks/Cache.go:37.8,39.3 1 0
sproxy/ratelimiter/mocks/Cache.go:41.2,41.45 1 0
sproxy/ratelimiter/mocks/Cache.go:41.45,43.3 1 0
sproxy/ratelimiter/mocks/Cache.go:43.8,45.3 1 0
sproxy/ratelimiter/mocks/Cache.go:47.2,47.15 1 0
sproxy/ratelimiter/mocks/Cache.go:51.56,56.60 4 0
sproxy/ratelimiter/mocks/Cache.go:56.60,58.3 1 0
sproxy/ratelimiter/mocks/Cache.go:59.2,59.51 1 0
sproxy/ratelimiter/mocks/Cache.go:59.51,61.3 1 0
sproxy/ratelimiter/mocks/Cache.go:61.8,63.3 1 0
sproxy/ratelimiter/mocks/Cache.go:65.2,65.51 1 0
sproxy/ratelimiter/mocks/Cache.go:65.51,67.3 1 0
sproxy/ratelimiter/mocks/Cache.go:67.8,69.3 1 0
sproxy/ratelimiter/mocks/Cache.go:71.2,71.15 1 0
sproxy/ratelimiter/mocks/Cache.go:75.58,80.57 4 1
sproxy/ratelimiter/mocks/Cache.go:80.57,82.3 1 1
sproxy/ratelimiter/mocks/Cache.go:83.2,83.48 1 0
sproxy/ratelimiter/mocks/Cache.go:83.48,85.3 1 0
sproxy/ratelimiter/mocks/Cache.go:85.8,86.24 1 0
sproxy/ratelimiter/mocks/Cache.go:86.24,88.4 1 0
sproxy/ratelimiter/mocks/Cache.go:91.2,91.45 1 0
sproxy/ratelimiter/mocks/Cache.go:91.45,93.3 1 0
sproxy/ratelimiter/mocks/Cache.go:93.8,95.3 1 0
sproxy/ratelimiter/mocks/Cache.go:97.2,97.15 1 0
sproxy/ratelimiter/mocks/Cache.go:101.79,107.72 5 1
sproxy/ratelimiter/mocks/Cache.go:107.72,109.3 1 1
sproxy/ratelimiter/mocks/Cache.go:110.2,110.56 1 0
sproxy/ratelimiter/mocks/Cache.go:110.56,112.3 1 0
sproxy/ratelimiter/mocks/Cache.go:112.8,114.3 1 0
sproxy/ratelimiter/mocks/Cache.go:116.2,116.56 1 0
sproxy/ratelimiter/mocks/Cache.go:116.56,118.3 1 0
sproxy/ratelimiter/mocks/Cache.go:118.8,120.3 1 0
sproxy/ratelimiter/mocks/Cache.go:122.2,122.56 1 0
sproxy/ratelimiter/mocks/Cache.go:122.56,124.3 1 0
sproxy/ratelimiter/mocks/Cache.go:124.8,126.3 1 0
sproxy/ratelimiter/mocks/Cache.go:128.2,128.19 1 0
sproxy/ratelimiter/mocks/Cache.go:136.11,140.19 3 1
sproxy/ratelimiter/mocks/Cache.go:140.19,140.49 1 1
sproxy/ratelimiter/mocks/Cache.go:142.2,142.13 1 1
sproxy/storage/cache/redis.go:14.83,16.16 2 1
sproxy/storage/cache/redis.go:16.16,18.3 1 0
sproxy/storage/cache/redis.go:20.2,22.42 2 1
sproxy/storage/cache/redis.go:25.56,28.22 2 1
sproxy/storage/cache/redis.go:28.22,30.3 1 1
sproxy/storage/cache/redis.go:32.2,32.17 1 1
sproxy/storage/cache/redis.go:35.63,38.22 2 1
sproxy/storage/cache/redis.go:38.22,40.3 1 1
sproxy/storage/cache/redis.go:42.2,42.17 1 0
sproxy/storage/cache/redis.go:45.62,47.2 1 1
sproxy/storage/cache/redis.go:49.57,52.2 2 0
sproxy/storage/cache/redis.go:54.53,65.2 2 1
